<?xml version="1.0" encoding="UTF-8"?>
<!-- Generated by org.testng.reporters.JUnitReportReporter -->
<testsuite hostname="DESKTOP-63JJPQN" failures="0" tests="2" name="com.framework.intro.Day11TestNG" time="0.374" errors="0" timestamp="19 Jun 2021 15:38:48 GMT" skipped="0">
  <testcase classname="com.framework.intro.Day11TestNG" name="test2" time="0.102"/>
  <testcase classname="com.framework.intro.Day11TestNG" name="test1" time="0.272"/>
</testsuite> <!-- com.framework.intro.Day11TestNG -->
