<?xml version="1.0" encoding="UTF-8"?>
<!-- Generated by org.testng.reporters.JUnitReportReporter -->
<testsuite hostname="DESKTOP-63JJPQN" failures="0" tests="3" name="com.framework.intro.Day12DataProvider" time="9.270" errors="0" timestamp="20 Jun 2021 08:42:36 GMT" skipped="0">
  <testcase classname="com.framework.intro.Day12DataProvider" name="test1" time="3.316"/>
  <testcase classname="com.framework.intro.Day12DataProvider" name="test1" time="2.891"/>
  <testcase classname="com.framework.intro.Day12DataProvider" name="test1" time="3.063"/>
</testsuite> <!-- com.framework.intro.Day12DataProvider -->
