<?xml version="1.0" encoding="UTF-8"?>
<!-- Generated by org.testng.reporters.JUnitReportReporter -->
<testsuite hostname="DESKTOP-63JJPQN" failures="0" tests="8" name="com.framework.intro.Day11Parameters" time="0.013" errors="0" timestamp="09 Jun 2021 17:10:58 GMT" skipped="1">
  <testcase classname="com.framework.intro.Day11Parameters" name="test4" time="0.001"/>
  <testcase classname="com.framework.intro.Day11Parameters" name="test4" time="0.001"/>
  <testcase classname="com.framework.intro.Day11Parameters" name="test4" time="0.001"/>
  <testcase classname="com.framework.intro.Day11Parameters" name="test4" time="0.008"/>
  <testcase classname="com.framework.intro.Day11Parameters" name="test4" time="0.001"/>
  <testcase classname="com.framework.intro.Day11Parameters" name="test3" time="0.001"/>
  <testcase classname="com.framework.intro.Day11Parameters" name="test1" time="0.000"/>
  <testcase classname="com.framework.intro.Day11Parameters" name="test2">
    <skipped/>
  </testcase> <!-- test2 -->
</testsuite> <!-- com.framework.intro.Day11Parameters -->
