<?xml version="1.0" encoding="UTF-8"?>
<!-- Generated by org.testng.reporters.JUnitReportReporter -->
<testsuite hostname="DESKTOP-63JJPQN" failures="0" tests="2" name="com.framework.intro.Day10TestNG" time="0.376" errors="0" timestamp="09 Jun 2021 17:10:58 GMT" skipped="0">
  <testcase classname="com.framework.intro.Day10TestNG" name="test2" time="0.109"/>
  <testcase classname="com.framework.intro.Day10TestNG" name="test1" time="0.267"/>
</testsuite> <!-- com.framework.intro.Day10TestNG -->
